<?xml version="1.0" encoding="UTF-8"?>
<Site BuildName="(empty)"
	BuildStamp="20240822-0233-Experimental"
	Name="ter-pc"
	Generator="ctest-3.22.1"
	CompilerName="/usr/bin/c++"
	CompilerVersion="11.4.0"
	OSName="Linux"
	Hostname="ter-pc"
	OSRelease="6.8.0-40-generic"
	OSVersion="#40~22.04.3-Ubuntu SMP PREEMPT_DYNAMIC Tue Jul 30 17:30:19 UTC 2"
	OSPlatform="x86_64"
	Is64Bits="1"
	VendorString="GenuineIntel"
	VendorID="Intel Corporation"
	FamilyID="6"
	ModelID="154"
	ProcessorCacheSize="12288"
	NumberOfLogicalCPU="12"
	NumberOfPhysicalCPU="8"
	TotalVirtualMemory="2047"
	TotalPhysicalMemory="15696"
	LogicalProcessorsPerPhysical="1"
	ProcessorClockFrequency="4025.1"
	>
	<Testing>
		<StartDateTime>Aug 22 09:33 +07</StartDateTime>
		<StartTestTime>1724293993</StartTestTime>
		<TestList/>
		<EndDateTime>Aug 22 09:33 +07</EndDateTime>
		<EndTestTime>1724293993</EndTestTime>
		<ElapsedMinutes>0</ElapsedMinutes>
	</Testing>
</Site>
